#
# A fatal error has been detected by the Java Runtime Environment:
#
#  SIGSEGV (0xb) at pc=0x00007c52600300b7, pid=555640, tid=555640
#
# JRE version: OpenJDK Runtime Environment (21.0.6+7) (build 21.0.6+7-Ubuntu-122.04.1)
# Java VM: OpenJDK 64-Bit Server VM (21.0.6+7-Ubuntu-122.04.1, mixed mode, sharing, tiered, compressed oops, compressed class ptrs, serial gc, linux-amd64)
# Problematic frame:
# 
[error occurred during error reporting (printing problematic frame), id 0xb, SIGSEGV (0xb) at pc=0x00007c525ff7456e]
# Core dump will be written. Default location: Core dumps may be processed with "/usr/share/apport/apport -p%p -s%s -c%c -d%d -P%P -u%u -g%g -- %E" (or dumping to /home/ubuntu/Interpolacion-Newton/core.555640)
#
# If you would like to submit a bug report, please visit:
#   https://bugs.launchpad.net/ubuntu/+source/openjdk-21
#

---------------  S U M M A R Y ------------

Command Line: -Djava.library.path=. aplicacion.Aplicacion

Host: Intel(R) Xeon(R) CPU E5-2686 v4 @ 2.30GHz, 1 cores, 957M, Ubuntu 22.04.5 LTS
Time: Thu Apr 17 17:01:39 2025 UTC elapsed time: 0.079288 seconds (0d 0h 0m 0s)

---------------  T H R E A D  ---------------

Current thread is native thread

Stack: [0x00007fff27ed8000,0x00007fff286d6000],  sp=0x00007fff286d52f8,  free space=8180k
Native frames: (J=compiled Java code, j=interpreted, Vv=VM code, C=native code)

[error occurred during error reporting (printing native stack (with source info)), id 0xb, SIGSEGV (0xb) at pc=0x00007c525ff7456e]

Retrying call stack printing without source information...
Native frames: (J=compiled Java code, j=interpreted, Vv=VM code, C=native code)

[error occurred during error reporting (retry printing native stack (no source info)), id 0xb, SIGSEGV (0xb) at pc=0x00007c525ff7456e]

siginfo: si_signo: 11 (SIGSEGV), si_code: 2 (SEGV_ACCERR), si_addr: 0x00007c52600300b7

Registers:
RAX=0x00007c52600300b7, RBX=0x00007c52601fe040, RCX=0x0000000000000000, RDX=0x00007c5260033e18
RSP=0x00007fff286d52f8, RBP=0x00007fff286d53d0, RSI=0x0000000000000000, RDI=0x00007c5260034038
R8 =0x00007fff286d5300, R9 =0x0000000000000070, R10=0x0000000000000000, R11=0x00007fff286d51e0
R12=0x0000000000000000, R13=0x00007c52601fea48, R14=0x00007fff286d5358, R15=0x00007c525807cf70
RIP=0x00007c52600300b7, EFLAGS=0x0000000000010206, CSGSFS=0x002b000000000033, ERR=0x0000000000000015
  TRAPNO=0x000000000000000e

XMM[0]=0x00007c52601ff890 0x00007c52601ff2e0
XMM[1]=0x00007c52601c2340 0x00007c52601c2860
XMM[2]=0x00007c5258022120 0x00007c5258005b10
XMM[3]=0x00005f1f45a07b40 0x00005f1f45a075e0
XMM[4]=0x00007c52601feaf0 0x00007c52601c2d80
XMM[5]=0x00007c525807cf70 0x00005f1f45a27be0
XMM[6]=0x00005f1f45a08060 0x00005f1f45a08750
XMM[7]=0x00005f1f45a07b40 0x00005f1f45a075e0
XMM[8]=0x0000000020000000 0x0000000000000000
XMM[9]=0x00ffffffff000000 0x0000000000000000
XMM[10]=0x0000000000000000 0x0000000000000000
XMM[11]=0x0000000000000000 0x00007c525f924a00
XMM[12]=0x0000000000000000 0x0000000000000000
XMM[13]=0x0000000000000000 0x0000000000000000
XMM[14]=0x0000000000000000 0x0000000000000000
XMM[15]=0x0000000000000000 0x0000000000000000
  MXCSR=0x00001f80


Top of Stack: (sp=0x00007fff286d52f8)
0x00007fff286d52f8:   00007c52601ca274 00007c52601ff2e0
0x00007fff286d5308:   00007c52601ff890 00007c52601c2860
0x00007fff286d5318:   00007c52601c2340 00007c5258005b10
0x00007fff286d5328:   00007c5258022120 00005f1f45a075e0
0x00007fff286d5338:   00005f1f45a07b40 00005f1f45a08750
0x00007fff286d5348:   00005f1f45a08060 00005f1f45a27be0
0x00007fff286d5358:   00007c525807cf70 00007c52601c2d80
0x00007fff286d5368:   00007c52601feaf0 00007c525fd27040
0x00007fff286d5378:   00007fff286d5370 00007fff286d5370
0x00007fff286d5388:   000000006001a838 00007c5260033e18
0x00007fff286d5398:   00007c5260033e18 00007c526001bf00
0x00007fff286d53a8:   0000000000000000 00007c526001a838
0x00007fff286d53b8:   0000000000000000 00007c526001bee8
0x00007fff286d53c8:   00007c526001bf00 0000000000000000
0x00007fff286d53d8:   00007c525fe45495 0000000000000000
0x00007fff286d53e8:   0000000000000001 0000000000000000
0x00007fff286d53f8:   0000000100000000 0000000000000000
0x00007fff286d5408:   0000000000000000 0000000000000003
0x00007fff286d5418:   00007fff286d5558 00005f1f15b89180
0x00007fff286d5428:   00005f1f15b8bd48 00007c52601fe040
0x00007fff286d5438:   00007c525fe45610 0000000000000000
0x00007fff286d5448:   00007c525fe29d97 0000000000000000
0x00007fff286d5458:   00005f1f15b89180 0000000300000000
0x00007fff286d5468:   00007fff286d5558 0000000000000000
0x00007fff286d5478:   45f885ae8819ade6 00007fff286d5558
0x00007fff286d5488:   00005f1f15b89180 00005f1f15b8bd48
0x00007fff286d5498:   00007c52601fe040 ba06d57420bfade6
0x00007fff286d54a8:   bd5c3a6bb297ade6 0000000000000000
0x00007fff286d54b8:   0000000000000000 0000000000000000
0x00007fff286d54c8:   0000000000000000 0000000000000000
0x00007fff286d54d8:   c2479e13e538e700 0000000000000000
0x00007fff286d54e8:   00007c525fe29e40 00007fff286d5578 

Instructions: (pc=0x00007c52600300b7)
0x00007c526002ffb7:   ?? ?? ?? ?? ?? ?? ?? ?? ?? ?? ?? ?? ?? ?? ?? ??
0x00007c526002ffc7:   ?? ?? ?? ?? ?? ?? ?? ?? ?? ?? ?? ?? ?? ?? ?? ??
0x00007c526002ffd7:   ?? ?? ?? ?? ?? ?? ?? ?? ?? ?? ?? ?? ?? ?? ?? ??
0x00007c526002ffe7:   ?? ?? ?? ?? ?? ?? ?? ?? ?? ?? ?? ?? ?? ?? ?? ??
0x00007c526002fff7:   ?? ?? ?? ?? ?? ?? ?? ?? ?? 7f 45 4c 46 02 01 01
0x00007c5260030007:   00 00 00 00 00 00 00 00 00 03 00 3e 00 01 00 00
0x00007c5260030017:   00 00 00 00 00 00 00 00 00 40 00 00 00 00 00 00
0x00007c5260030027:   00 e0 35 00 00 00 00 00 00 00 00 00 00 40 00 38
0x00007c5260030037:   00 0b 00 40 00 1d 00 1c 00 01 00 00 00 04 00 00
0x00007c5260030047:   00 00 00 00 00 00 00 00 00 00 00 00 00 00 00 00
0x00007c5260030057:   00 00 00 00 00 00 00 00 00 d0 05 00 00 00 00 00
0x00007c5260030067:   00 d0 05 00 00 00 00 00 00 00 10 00 00 00 00 00
0x00007c5260030077:   00 01 00 00 00 05 00 00 00 00 10 00 00 00 00 00
0x00007c5260030087:   00 00 10 00 00 00 00 00 00 00 10 00 00 00 00 00
0x00007c5260030097:   00 bd 04 00 00 00 00 00 00 bd 04 00 00 00 00 00
0x00007c52600300a7:   00 00 10 00 00 00 00 00 00 01 00 00 00 04 00 00
0x00007c52600300b7:   00 00 20 00 00 00 00 00 00 00 20 00 00 00 00 00
0x00007c52600300c7:   00 00 20 00 00 00 00 00 00 c8 00 00 00 00 00 00
0x00007c52600300d7:   00 c8 00 00 00 00 00 00 00 00 10 00 00 00 00 00
0x00007c52600300e7:   00 01 00 00 00 06 00 00 00 10 2e 00 00 00 00 00
0x00007c52600300f7:   00 10 3e 00 00 00 00 00 00 10 3e 00 00 00 00 00
0x00007c5260030107:   00 28 02 00 00 00 00 00 00 30 02 00 00 00 00 00
0x00007c5260030117:   00 00 10 00 00 00 00 00 00 02 00 00 00 06 00 00
0x00007c5260030127:   00 20 2e 00 00 00 00 00 00 20 3e 00 00 00 00 00
0x00007c5260030137:   00 20 3e 00 00 00 00 00 00 c0 01 00 00 00 00 00
0x00007c5260030147:   00 c0 01 00 00 00 00 00 00 08 00 00 00 00 00 00
0x00007c5260030157:   00 04 00 00 00 04 00 00 00 a8 02 00 00 00 00 00
0x00007c5260030167:   00 a8 02 00 00 00 00 00 00 a8 02 00 00 00 00 00
0x00007c5260030177:   00 20 00 00 00 00 00 00 00 20 00 00 00 00 00 00
0x00007c5260030187:   00 08 00 00 00 00 00 00 00 04 00 00 00 04 00 00
0x00007c5260030197:   00 c8 02 00 00 00 00 00 00 c8 02 00 00 00 00 00
0x00007c52600301a7:   00 c8 02 00 00 00 00 00 00 24 00 00 00 00 00 00 



---------------  P R O C E S S  ---------------

VM state: at safepoint (shutting down)

VM Mutex/Monitor currently owned by a thread:  ([mutex/lock_event])
[0x00007c525fd20cf8] Threads_lock - owner thread: 0x00007c5258057a70

Heap address: 0x00000000f1000000, size: 240 MB, Compressed Oops mode: 32-bit

CDS archive(s) mapped at: [0x00007c51ff000000-0x00007c51ffc97000-0x00007c51ffc97000), size 13201408, SharedBaseAddress: 0x00007c51ff000000, ArchiveRelocationMode: 1.
Compressed class space mapped at: 0x00007c5200000000-0x00007c5240000000, reserved size: 1073741824
Narrow klass base: 0x00007c51ff000000, Narrow klass shift: 0, Narrow klass range: 0x100000000

GC Precious Log:
<Skipped>

Heap:
 def new generation   total 4928K, used 800K [0x00000000f1000000, 0x00000000f1550000, 0x00000000f6000000)
  eden space 4416K,  18% used [0x00000000f1000000, 0x00000000f10c8148, 0x00000000f1450000)
  from space 512K,   0% used [0x00000000f1450000, 0x00000000f1450000, 0x00000000f14d0000)
  to   space 512K,   0% used [0x00000000f14d0000, 0x00000000f14d0000, 0x00000000f1550000)
 tenured generation   total 10944K, used 1073K [0x00000000f6000000, 0x00000000f6ab0000, 0x0000000100000000)
   the space 10944K,   9% used [0x00000000f6000000, 0x00000000f610c708, 0x00000000f610c800, 0x00000000f6ab0000)
 Metaspace       used 238K, committed 448K, reserved 1114112K
  class space    used 12K, committed 128K, reserved 1048576K

Card table byte_map: [0x00007c525fd87000,0x00007c525fe00000] _byte_map_base: 0x00007c525f5ff000

Polling page: 0x00007c52601c0000

Metaspace:

Usage:
  Non-class:    226.20 KB used.
      Class:     12.05 KB used.
       Both:    238.25 KB used.

Virtual space:
  Non-class space:       64.00 MB reserved,     320.00 KB ( <1%) committed,  1 nodes.
      Class space:        1.00 GB reserved,     128.00 KB ( <1%) committed,  1 nodes.
             Both:        1.06 GB reserved,     448.00 KB ( <1%) committed. 

Chunk freelists:
   Non-Class:  11.97 MB
       Class:  15.73 MB
        Both:  27.70 MB

MaxMetaspaceSize: unlimited
CompressedClassSpaceSize: 1.00 GB
Initial GC threshold: 21.00 MB
Current GC threshold: 21.00 MB
CDS: on
 - commit_granule_bytes: 65536.
 - commit_granule_words: 8192.
 - virtual_space_node_default_size: 8388608.
 - enlarge_chunks_in_place: 1.
 - use_allocation_guard: 0.


Internal statistics:

num_allocs_failed_limit: 0.
num_arena_births: 34.
num_arena_deaths: 0.
num_vsnodes_births: 2.
num_vsnodes_deaths: 0.
num_space_committed: 7.
num_space_uncommitted: 0.
num_chunks_returned_to_freelist: 0.
num_chunks_taken_from_freelist: 35.
num_chunk_merges: 0.
num_chunk_splits: 24.
num_chunks_enlarged: 13.
num_inconsistent_stats: 0.

CodeHeap 'non-profiled nmethods': size=120036Kb used=48Kb max_used=48Kb free=119987Kb
 bounds [0x00007c52482c7000, 0x00007c5248537000, 0x00007c524f800000]
CodeHeap 'profiled nmethods': size=120032Kb used=125Kb max_used=125Kb free=119906Kb
 bounds [0x00007c5240800000, 0x00007c5240a70000, 0x00007c5247d38000]
CodeHeap 'non-nmethods': size=5692Kb used=1114Kb max_used=1123Kb free=4577Kb
 bounds [0x00007c5247d38000, 0x00007c5247fa8000, 0x00007c52482c7000]
 total_blobs=478 nmethods=115 adapters=271
 compilation: enabled
              stopped_count=0, restarted_count=0
 full_count=0

Compilation events (20 events):
Event: 0.069 Thread 0x00007c525806c240  101       3       java.lang.invoke.MethodType::checkPtypes (76 bytes)
Event: 0.069 Thread 0x00007c525806c240 nmethod 101 0x00007c5240819810 code [0x00007c5240819aa0, 0x00007c524081a520]
Event: 0.069 Thread 0x00007c525806c240  102       3       java.lang.invoke.MethodType::makeImpl (109 bytes)
Event: 0.070 Thread 0x00007c525806c240 nmethod 102 0x00007c524081a990 code [0x00007c524081acc0, 0x00007c524081c098]
Event: 0.070 Thread 0x00007c525806c240  105       3       jdk.internal.org.objectweb.asm.ByteVector::putByte (39 bytes)
Event: 0.070 Thread 0x00007c525806c240 nmethod 105 0x00007c524081c810 code [0x00007c524081c9c0, 0x00007c524081cb98]
Event: 0.070 Thread 0x00007c525806c240  106       1       sun.invoke.util.Wrapper::basicTypeChar (5 bytes)
Event: 0.070 Thread 0x00007c525806c240 nmethod 106 0x00007c52482d2190 code [0x00007c52482d2320, 0x00007c52482d23e8]
Event: 0.071 Thread 0x00007c525806c240  107       3       java.lang.StringLatin1::equals (36 bytes)
Event: 0.071 Thread 0x00007c525806c240 nmethod 107 0x00007c524081cd10 code [0x00007c524081cec0, 0x00007c524081d138]
Event: 0.071 Thread 0x00007c525806c240  108       3       java.lang.String::equals (56 bytes)
Event: 0.071 Thread 0x00007c525806c240 nmethod 108 0x00007c524081d290 code [0x00007c524081d460, 0x00007c524081d8a8]
Event: 0.071 Thread 0x00007c525806c240  109       1       java.lang.invoke.LambdaForm$BasicType::basicTypeClass (5 bytes)
Event: 0.071 Thread 0x00007c525806c240 nmethod 109 0x00007c52482d2490 code [0x00007c52482d2620, 0x00007c52482d26e0]
Event: 0.071 Thread 0x00007c525806c240  113       3       java.lang.invoke.MemberName::initResolved (53 bytes)
Event: 0.072 Thread 0x00007c525806c240 nmethod 113 0x00007c524081d990 code [0x00007c524081db20, 0x00007c524081dc90]
Event: 0.072 Thread 0x00007c525806c240  114       3       jdk.internal.util.ArraysSupport::vectorizedHashCode (158 bytes)
Event: 0.072 Thread 0x00007c525806c240 nmethod 114 0x00007c524081dd10 code [0x00007c524081e020, 0x00007c524081f000]
Event: 0.074 Thread 0x00007c525806c240  115       3       java.lang.String::<init> (15 bytes)
Event: 0.074 Thread 0x00007c525806c240 nmethod 115 0x00007c524081f390 code [0x00007c524081f520, 0x00007c524081f6a0]

GC Heap History (0 events):
No events

Dll operation events (3 events):
Event: 0.001 Loaded shared library /usr/lib/jvm/java-21-openjdk-amd64/lib/libjava.so
Event: 0.028 Loaded shared library /usr/lib/jvm/java-21-openjdk-amd64/lib/libjsvml.so
Event: 0.038 Loaded shared library /home/ubuntu/Interpolacion-Newton/libcalcanalisis.so

Deoptimization events (0 events):
No events

Classes loaded (8 events):
Event: 0.022 Loading class sun/nio/cs/UTF_8$Encoder
Event: 0.022 Loading class sun/nio/cs/UTF_8$Encoder done
Event: 0.034 Loading class jdk/internal/vm/PostVMInitHook
Event: 0.034 Loading class jdk/internal/vm/PostVMInitHook done
Event: 0.034 Loading class jdk/internal/loader/URLClassPath$FileLoader
Event: 0.034 Loading class jdk/internal/loader/URLClassPath$FileLoader done
Event: 0.034 Loading class jdk/internal/loader/URLClassPath$FileLoader$1
Event: 0.034 Loading class jdk/internal/loader/URLClassPath$FileLoader$1 done

Classes unloaded (0 events):
No events

Classes redefined (0 events):
No events

Internal exceptions (1 events):
Event: 0.072 Thread 0x00007c5258018dd0 Exception <a 'java/lang/NoSuchMethodError'{0x00000000f109cf30}: 'java.lang.Object java.lang.invoke.DirectMethodHandle$Holder.invokeSpecial(java.lang.Object, java.lang.Object, double, double)'> (0x00000000f109cf30) 
thrown [./src/hotspot/share/interpreter/linkResolver.cpp, line 772]

ZGC Phase Switch (0 events):
No events

VM Operations (0 events):
No events

Memory protections (11 events):
Event: 0.001 Protecting memory [0x00007c525e700000,0x00007c525e704000] with protection modes 0
Event: 0.023 Protecting memory [0x00007c525db00000,0x00007c525db04000] with protection modes 0
Event: 0.023 Protecting memory [0x00007c525da00000,0x00007c525da04000] with protection modes 0
Event: 0.025 Protecting memory [0x00007c525d900000,0x00007c525d904000] with protection modes 0
Event: 0.025 Protecting memory [0x00007c525d800000,0x00007c525d804000] with protection modes 0
Event: 0.025 Protecting memory [0x00007c525d700000,0x00007c525d704000] with protection modes 0
Event: 0.025 Protecting memory [0x00007c525d600000,0x00007c525d604000] with protection modes 0
Event: 0.027 Protecting memory [0x00007c525d500000,0x00007c525d504000] with protection modes 0
Event: 0.034 Protecting memory [0x00007c525d32f000,0x00007c525d333000] with protection modes 0
Event: 0.035 Protecting memory [0x00007c525d22f000,0x00007c525d233000] with protection modes 0
Event: 0.074 Protecting memory [0x00007c525e700000,0x00007c525e704000] with protection modes 0

Nmethod flushes (0 events):
No events

Events (15 events):
Event: 0.013 Thread 0x00007c5258018dd0 Thread added: 0x00007c5258018dd0
Event: 0.023 Thread 0x00007c5258018dd0 Thread added: 0x00007c52580638d0
Event: 0.023 Thread 0x00007c5258018dd0 Thread added: 0x00007c5258064e00
Event: 0.025 Thread 0x00007c5258018dd0 Thread added: 0x00007c5258066560
Event: 0.025 Thread 0x00007c5258018dd0 Thread added: 0x00007c5258067b60
Event: 0.025 Thread 0x00007c5258018dd0 Thread added: 0x00007c52580690c0
Event: 0.025 Thread 0x00007c5258018dd0 Thread added: 0x00007c525806abc0
Event: 0.025 Thread 0x00007c5258018dd0 Thread added: 0x00007c525806c240
Event: 0.033 Thread 0x00007c5258018dd0 Thread added: 0x00007c52580780a0
Event: 0.035 Thread 0x00007c5258018dd0 Thread added: 0x00007c525807a860
Event: 0.074 Thread 0x00007c5258018dd0 Thread exited: 0x00007c5258018dd0
Event: 0.074 Thread 0x00007c5258018dd0 Thread added: 0x00007c5258018dd0
Event: 0.074 Thread 0x00007c5258018dd0 Before exit entered
Event: 0.074 Thread 0x00007c5258066560 Thread exited: 0x00007c5258066560
Event: 0.074 Thread 0x00007c5258018dd0 Thread exited: 0x00007c5258018dd0


Dynamic libraries:
f1000000-f1550000 rw-p 00000000 00:00 0 
f1550000-f6000000 ---p 00000000 00:00 0 
f6000000-f6ab0000 rw-p 00000000 00:00 0 
f6ab0000-100000000 ---p 00000000 00:00 0 
5f1f15b88000-5f1f15b89000 r--p 00000000 ca:01 275713                     /usr/lib/jvm/java-21-openjdk-amd64/bin/java
5f1f15b89000-5f1f15b8a000 r-xp 00001000 ca:01 275713                     /usr/lib/jvm/java-21-openjdk-amd64/bin/java
5f1f15b8a000-5f1f15b8b000 r--p 00002000 ca:01 275713                     /usr/lib/jvm/java-21-openjdk-amd64/bin/java
5f1f15b8b000-5f1f15b8c000 r--p 00002000 ca:01 275713                     /usr/lib/jvm/java-21-openjdk-amd64/bin/java
5f1f15b8c000-5f1f15b8d000 rw-p 00003000 ca:01 275713                     /usr/lib/jvm/java-21-openjdk-amd64/bin/java
5f1f45a07000-5f1f45a97000 rw-p 00000000 00:00 0                          [heap]
7c51d0000000-7c51d01c4000 rw-p 00000000 00:00 0 
7c51d01c4000-7c51d4000000 ---p 00000000 00:00 0 
7c51d4000000-7c51d4021000 rw-p 00000000 00:00 0 
7c51d4021000-7c51d8000000 ---p 00000000 00:00 0 
7c51dc000000-7c51dc021000 rw-p 00000000 00:00 0 
7c51dc021000-7c51e0000000 ---p 00000000 00:00 0 
7c51e0000000-7c51e0021000 rw-p 00000000 00:00 0 
7c51e0021000-7c51e4000000 ---p 00000000 00:00 0 
7c51e8000000-7c51e8021000 rw-p 00000000 00:00 0 
7c51e8021000-7c51ec000000 ---p 00000000 00:00 0 
7c51ec000000-7c51ec021000 rw-p 00000000 00:00 0 
7c51ec021000-7c51f0000000 ---p 00000000 00:00 0 
7c51f4000000-7c51f4040000 rw-p 00000000 00:00 0 
7c51f4040000-7c51f4400000 ---p 00000000 00:00 0 
7c51f4400000-7c51f4410000 rw-p 00000000 00:00 0 
7c51f4410000-7c51f8000000 ---p 00000000 00:00 0 
7c51f8000000-7c51f8021000 rw-p 00000000 00:00 0 
7c51f8021000-7c51fc000000 ---p 00000000 00:00 0 
7c51ff000000-7c51ffc97000 rw-p 00001000 ca:01 275866                     /usr/lib/jvm/java-21-openjdk-amd64/lib/server/classes.jsa
7c51ffc97000-7c5200000000 ---p 00000000 00:00 0 
7c5200000000-7c5200010000 rw-p 00000000 00:00 0 
7c5200010000-7c5200040000 ---p 00000000 00:00 0 
7c5200040000-7c5200050000 rw-p 00000000 00:00 0 
7c5200050000-7c5240000000 ---p 00000000 00:00 0 
7c5240800000-7c5240a70000 rwxp 00000000 00:00 0 
7c5240a70000-7c5247d38000 ---p 00000000 00:00 0 
7c5247d38000-7c5247fa8000 rwxp 00000000 00:00 0 
7c5247fa8000-7c52482c7000 ---p 00000000 00:00 0 
7c52482c7000-7c5248537000 rwxp 00000000 00:00 0 
7c5248537000-7c524f800000 ---p 00000000 00:00 0 
7c524f800000-7c5257e10000 r--s 00000000 ca:01 275863                     /usr/lib/jvm/java-21-openjdk-amd64/lib/modules
7c5258000000-7c5258095000 rw-p 00000000 00:00 0 
7c5258095000-7c525c000000 ---p 00000000 00:00 0 
7c525d22f000-7c525d233000 ---p 00000000 00:00 0 
7c525d233000-7c525d32f000 rw-p 00000000 00:00 0 
7c525d32f000-7c525d333000 ---p 00000000 00:00 0 
7c525d333000-7c525d42f000 rw-p 00000000 00:00 0 
7c525d42f000-7c525d434000 r--p 00000000 ca:01 275847                     /usr/lib/jvm/java-21-openjdk-amd64/lib/libjsvml.so
7c525d434000-7c525d475000 r-xp 00005000 ca:01 275847                     /usr/lib/jvm/java-21-openjdk-amd64/lib/libjsvml.so
7c525d475000-7c525d4fe000 r--p 00046000 ca:01 275847                     /usr/lib/jvm/java-21-openjdk-amd64/lib/libjsvml.so
7c525d4fe000-7c525d4ff000 r--p 000ce000 ca:01 275847                     /usr/lib/jvm/java-21-openjdk-amd64/lib/libjsvml.so
7c525d4ff000-7c525d500000 rw-p 000cf000 ca:01 275847                     /usr/lib/jvm/java-21-openjdk-amd64/lib/libjsvml.so
7c525d500000-7c525d504000 ---p 00000000 00:00 0 
7c525d504000-7c525d600000 rw-p 00000000 00:00 0 
7c525d600000-7c525d604000 ---p 00000000 00:00 0 
7c525d604000-7c525d700000 rw-p 00000000 00:00 0 
7c525d700000-7c525d704000 ---p 00000000 00:00 0 
7c525d704000-7c525d800000 rw-p 00000000 00:00 0 
7c525d800000-7c525d804000 ---p 00000000 00:00 0 
7c525d804000-7c525d900000 rw-p 00000000 00:00 0 
7c525d900000-7c525d904000 ---p 00000000 00:00 0 
7c525d904000-7c525da00000 rw-p 00000000 00:00 0 
7c525da00000-7c525da04000 ---p 00000000 00:00 0 
7c525da04000-7c525db00000 rw-p 00000000 00:00 0 
7c525db00000-7c525db04000 ---p 00000000 00:00 0 
7c525db04000-7c525dc00000 rw-p 00000000 00:00 0 
7c525dc00000-7c525dee9000 r--p 00000000 ca:01 6645                       /usr/lib/locale/locale-archive
7c525def5000-7c525df4c000 r--p 00000000 ca:01 19810                      /usr/lib/locale/C.utf8/LC_CTYPE
7c525df4c000-7c525df4d000 ---p 00000000 00:00 0 
7c525df4d000-7c525e04d000 rw-p 00000000 00:00 0 
7c525e04d000-7c525e04e000 ---p 00000000 00:00 0 
7c525e04e000-7c525e14e000 rw-p 00000000 00:00 0 
7c525e14e000-7c525e22f000 rw-p 00000000 00:00 0 
7c525e22f000-7c525e315000 ---p 00000000 00:00 0 
7c525e315000-7c525e31a000 rw-p 00000000 00:00 0 
7c525e31a000-7c525e400000 ---p 00000000 00:00 0 
7c525e400000-7c525e49a000 r--p 00000000 ca:01 5020                       /usr/lib/x86_64-linux-gnu/libstdc++.so.6.0.30
7c525e49a000-7c525e5ab000 r-xp 0009a000 ca:01 5020                       /usr/lib/x86_64-linux-gnu/libstdc++.so.6.0.30
7c525e5ab000-7c525e61a000 r--p 001ab000 ca:01 5020                       /usr/lib/x86_64-linux-gnu/libstdc++.so.6.0.30
7c525e61a000-7c525e61b000 ---p 0021a000 ca:01 5020                       /usr/lib/x86_64-linux-gnu/libstdc++.so.6.0.30
7c525e61b000-7c525e626000 r--p 0021a000 ca:01 5020                       /usr/lib/x86_64-linux-gnu/libstdc++.so.6.0.30
7c525e626000-7c525e629000 rw-p 00225000 ca:01 5020                       /usr/lib/x86_64-linux-gnu/libstdc++.so.6.0.30
7c525e629000-7c525e62c000 rw-p 00000000 00:00 0 
7c525e66e000-7c525e6b5000 rw-p 00000000 00:00 0 
7c525e6b5000-7c525e704000 ---p 00000000 00:00 0 
7c525e704000-7c525e800000 rw-p 00000000 00:00 0 
7c525e800000-7c525eaa1000 r--p 00000000 ca:01 275869                     /usr/lib/jvm/java-21-openjdk-amd64/lib/server/libjvm.so
7c525eaa1000-7c525f913000 r-xp 002a1000 ca:01 275869                     /usr/lib/jvm/java-21-openjdk-amd64/lib/server/libjvm.so
7c525f913000-7c525fbeb000 r--p 01113000 ca:01 275869                     /usr/lib/jvm/java-21-openjdk-amd64/lib/server/libjvm.so
7c525fbeb000-7c525fbec000 ---p 013eb000 ca:01 275869                     /usr/lib/jvm/java-21-openjdk-amd64/lib/server/libjvm.so
7c525fbec000-7c525fcbf000 r--p 013eb000 ca:01 275869                     /usr/lib/jvm/java-21-openjdk-amd64/lib/server/libjvm.so
7c525fcbf000-7c525fcef000 rw-p 014be000 ca:01 275869                     /usr/lib/jvm/java-21-openjdk-amd64/lib/server/libjvm.so
7c525fcef000-7c525fd55000 rw-p 00000000 00:00 0 
7c525fd87000-7c525fd8a000 rw-p 00000000 00:00 0 
7c525fd8a000-7c525fdaf000 ---p 00000000 00:00 0 
7c525fdaf000-7c525fdb5000 rw-p 00000000 00:00 0 
7c525fdb5000-7c525fe00000 ---p 00000000 00:00 0 
7c525fe00000-7c525fe28000 r--p 00000000 ca:01 2370                       /usr/lib/x86_64-linux-gnu/libc.so.6
7c525fe28000-7c525ffbd000 r-xp 00028000 ca:01 2370                       /usr/lib/x86_64-linux-gnu/libc.so.6
7c525ffbd000-7c5260015000 r--p 001bd000 ca:01 2370                       /usr/lib/x86_64-linux-gnu/libc.so.6
7c5260015000-7c5260016000 ---p 00215000 ca:01 2370                       /usr/lib/x86_64-linux-gnu/libc.so.6
7c5260016000-7c526001a000 r--p 00215000 ca:01 2370                       /usr/lib/x86_64-linux-gnu/libc.so.6
7c526001a000-7c526001c000 rw-p 00219000 ca:01 2370                       /usr/lib/x86_64-linux-gnu/libc.so.6
7c526001c000-7c5260029000 rw-p 00000000 00:00 0 
7c5260030000-7c5260031000 r--p 00000000 ca:01 263647                     /home/ubuntu/Interpolacion-Newton/libcalcanalisis.so
7c5260031000-7c5260032000 r-xp 00001000 ca:01 263647                     /home/ubuntu/Interpolacion-Newton/libcalcanalisis.so
7c5260032000-7c5260033000 r--p 00002000 ca:01 263647                     /home/ubuntu/Interpolacion-Newton/libcalcanalisis.so
7c5260033000-7c5260034000 r--p 00002000 ca:01 263647                     /home/ubuntu/Interpolacion-Newton/libcalcanalisis.so
7c5260034000-7c5260035000 rw-p 00003000 ca:01 263647                     /home/ubuntu/Interpolacion-Newton/libcalcanalisis.so
7c5260035000-7c5260036000 r--p 00000000 ca:01 19816                      /usr/lib/locale/C.utf8/LC_NUMERIC
7c5260036000-7c5260037000 r--p 00000000 ca:01 19819                      /usr/lib/locale/C.utf8/LC_TIME
7c5260037000-7c5260038000 r--p 00000000 ca:01 19809                      /usr/lib/locale/C.utf8/LC_COLLATE
7c5260038000-7c5260039000 r--p 00000000 ca:01 19814                      /usr/lib/locale/C.utf8/LC_MONETARY
7c5260039000-7c526003a000 r--p 00000000 ca:01 19813                      /usr/lib/locale/C.utf8/LC_MESSAGES/SYS_LC_MESSAGES
7c526003a000-7c526003b000 r--p 00000000 ca:01 19817                      /usr/lib/locale/C.utf8/LC_PAPER
7c526003b000-7c5260042000 r--s 00000000 ca:01 20083                      /usr/lib/x86_64-linux-gnu/gconv/gconv-modules.cache
7c5260042000-7c5260047000 rw-p 00000000 00:00 0 
7c5260047000-7c526004e000 ---p 00000000 00:00 0 
7c526004e000-7c526005b000 r--p 00000000 ca:01 275840                     /usr/lib/jvm/java-21-openjdk-amd64/lib/libjava.so
7c526005b000-7c5260069000 r-xp 0000d000 ca:01 275840                     /usr/lib/jvm/java-21-openjdk-amd64/lib/libjava.so
7c5260069000-7c526006e000 r--p 0001b000 ca:01 275840                     /usr/lib/jvm/java-21-openjdk-amd64/lib/libjava.so
7c526006e000-7c526006f000 ---p 00020000 ca:01 275840                     /usr/lib/jvm/java-21-openjdk-amd64/lib/libjava.so
7c526006f000-7c5260070000 r--p 00020000 ca:01 275840                     /usr/lib/jvm/java-21-openjdk-amd64/lib/libjava.so
7c5260070000-7c5260071000 rw-p 00021000 ca:01 275840                     /usr/lib/jvm/java-21-openjdk-amd64/lib/libjava.so
7c5260071000-7c5260072000 rw-p 00000000 00:00 0 
7c5260072000-7c526007a000 rw-s 00000000 ca:01 266886                     /tmp/hsperfdata_ubuntu/555640 (deleted)
7c526007a000-7c526007c000 r--p 00000000 ca:01 275843                     /usr/lib/jvm/java-21-openjdk-amd64/lib/libjimage.so
7c526007c000-7c526007f000 r-xp 00002000 ca:01 275843                     /usr/lib/jvm/java-21-openjdk-amd64/lib/libjimage.so
7c526007f000-7c5260080000 r--p 00005000 ca:01 275843                     /usr/lib/jvm/java-21-openjdk-amd64/lib/libjimage.so
7c5260080000-7c5260081000 ---p 00006000 ca:01 275843                     /usr/lib/jvm/java-21-openjdk-amd64/lib/libjimage.so
7c5260081000-7c5260082000 r--p 00006000 ca:01 275843                     /usr/lib/jvm/java-21-openjdk-amd64/lib/libjimage.so
7c5260082000-7c5260083000 rw-p 00007000 ca:01 275843                     /usr/lib/jvm/java-21-openjdk-amd64/lib/libjimage.so
7c5260083000-7c5260086000 r--p 00000000 ca:01 5021                       /usr/lib/x86_64-linux-gnu/libgcc_s.so.1
7c5260086000-7c526009d000 r-xp 00003000 ca:01 5021                       /usr/lib/x86_64-linux-gnu/libgcc_s.so.1
7c526009d000-7c52600a1000 r--p 0001a000 ca:01 5021                       /usr/lib/x86_64-linux-gnu/libgcc_s.so.1
7c52600a1000-7c52600a2000 r--p 0001d000 ca:01 5021                       /usr/lib/x86_64-linux-gnu/libgcc_s.so.1
7c52600a2000-7c52600a3000 rw-p 0001e000 ca:01 5021                       /usr/lib/x86_64-linux-gnu/libgcc_s.so.1
7c52600a3000-7c52600b1000 r--p 00000000 ca:01 2571                       /usr/lib/x86_64-linux-gnu/libm.so.6
7c52600b1000-7c526012d000 r-xp 0000e000 ca:01 2571                       /usr/lib/x86_64-linux-gnu/libm.so.6
7c526012d000-7c5260188000 r--p 0008a000 ca:01 2571                       /usr/lib/x86_64-linux-gnu/libm.so.6
7c5260188000-7c5260189000 r--p 000e4000 ca:01 2571                       /usr/lib/x86_64-linux-gnu/libm.so.6
7c5260189000-7c526018a000 rw-p 000e5000 ca:01 2571                       /usr/lib/x86_64-linux-gnu/libm.so.6
7c526018a000-7c526018d000 rw-p 00000000 00:00 0 
7c526018d000-7c526018f000 r--p 00000000 ca:01 275844                     /usr/lib/jvm/java-21-openjdk-amd64/lib/libjli.so
7c526018f000-7c5260199000 r-xp 00002000 ca:01 275844                     /usr/lib/jvm/java-21-openjdk-amd64/lib/libjli.so
7c5260199000-7c526019c000 r--p 0000c000 ca:01 275844                     /usr/lib/jvm/java-21-openjdk-amd64/lib/libjli.so
7c526019c000-7c526019d000 ---p 0000f000 ca:01 275844                     /usr/lib/jvm/java-21-openjdk-amd64/lib/libjli.so
7c526019d000-7c526019e000 r--p 0000f000 ca:01 275844                     /usr/lib/jvm/java-21-openjdk-amd64/lib/libjli.so
7c526019e000-7c526019f000 rw-p 00010000 ca:01 275844                     /usr/lib/jvm/java-21-openjdk-amd64/lib/libjli.so
7c526019f000-7c52601a1000 r--p 00000000 ca:01 3908                       /usr/lib/x86_64-linux-gnu/libz.so.1.2.11
7c52601a1000-7c52601b2000 r-xp 00002000 ca:01 3908                       /usr/lib/x86_64-linux-gnu/libz.so.1.2.11
7c52601b2000-7c52601b8000 r--p 00013000 ca:01 3908                       /usr/lib/x86_64-linux-gnu/libz.so.1.2.11
7c52601b8000-7c52601b9000 ---p 00019000 ca:01 3908                       /usr/lib/x86_64-linux-gnu/libz.so.1.2.11
7c52601b9000-7c52601ba000 r--p 00019000 ca:01 3908                       /usr/lib/x86_64-linux-gnu/libz.so.1.2.11
7c52601ba000-7c52601bb000 rw-p 0001a000 ca:01 3908                       /usr/lib/x86_64-linux-gnu/libz.so.1.2.11
7c52601bb000-7c52601bc000 r--p 00000000 ca:01 19815                      /usr/lib/locale/C.utf8/LC_NAME
7c52601bc000-7c52601bd000 r--p 00000000 ca:01 19808                      /usr/lib/locale/C.utf8/LC_ADDRESS
7c52601bd000-7c52601be000 r--p 00000000 ca:01 19818                      /usr/lib/locale/C.utf8/LC_TELEPHONE
7c52601be000-7c52601bf000 r--p 00000000 ca:01 19812                      /usr/lib/locale/C.utf8/LC_MEASUREMENT
7c52601bf000-7c52601c0000 r--p 00000000 ca:01 19811                      /usr/lib/locale/C.utf8/LC_IDENTIFICATION
7c52601c0000-7c52601c1000 ---p 00000000 00:00 0 
7c52601c1000-7c52601c2000 r--p 00000000 00:00 0 
7c52601c2000-7c52601c4000 rw-p 00000000 00:00 0 
7c52601c4000-7c52601c6000 r--p 00000000 ca:01 2020                       /usr/lib/x86_64-linux-gnu/ld-linux-x86-64.so.2
7c52601c6000-7c52601f0000 r-xp 00002000 ca:01 2020                       /usr/lib/x86_64-linux-gnu/ld-linux-x86-64.so.2
7c52601f0000-7c52601fb000 r--p 0002c000 ca:01 2020                       /usr/lib/x86_64-linux-gnu/ld-linux-x86-64.so.2
7c52601fb000-7c52601fc000 ---p 00000000 00:00 0 
7c52601fc000-7c52601fe000 r--p 00037000 ca:01 2020                       /usr/lib/x86_64-linux-gnu/ld-linux-x86-64.so.2
7c52601fe000-7c5260200000 rw-p 00039000 ca:01 2020                       /usr/lib/x86_64-linux-gnu/ld-linux-x86-64.so.2
7fff286b7000-7fff286d8000 rw-p 00000000 00:00 0                          [stack]
7fff286e5000-7fff286e9000 r--p 00000000 00:00 0                          [vvar]
7fff286e9000-7fff286eb000 r-xp 00000000 00:00 0                          [vdso]
ffffffffff600000-ffffffffff601000 --xp 00000000 00:00 0                  [vsyscall]
Total number of mappings: 173


VM Arguments:
jvm_args: -Djava.library.path=. 
java_command: aplicacion.Aplicacion
java_class_path (initial): .
Launcher Type: SUN_STANDARD

[Global flags]
     intx CICompilerCount                          = 2                                         {product} {ergonomic}
   size_t InitialHeapSize                          = 16777216                                  {product} {ergonomic}
   size_t MaxHeapSize                              = 251658240                                 {product} {ergonomic}
   size_t MaxNewSize                               = 83886080                                  {product} {ergonomic}
   size_t MinHeapDeltaBytes                        = 196608                                    {product} {ergonomic}
   size_t MinHeapSize                              = 8388608                                   {product} {ergonomic}
   size_t NewSize                                  = 5570560                                   {product} {ergonomic}
    uintx NonNMethodCodeHeapSize                   = 5826188                                {pd product} {ergonomic}
    uintx NonProfiledCodeHeapSize                  = 122916026                              {pd product} {ergonomic}
   size_t OldSize                                  = 11206656                                  {product} {ergonomic}
    uintx ProfiledCodeHeapSize                     = 122916026                              {pd product} {ergonomic}
    uintx ReservedCodeCacheSize                    = 251658240                              {pd product} {ergonomic}
     bool SegmentedCodeCache                       = true                                      {product} {ergonomic}
   size_t SoftMaxHeapSize                          = 251658240                              {manageable} {ergonomic}
     bool UseCompressedOops                        = true                           {product lp64_product} {ergonomic}
     bool UseSerialGC                              = true                                      {product} {ergonomic}

Logging:
Log output configuration:
 #0: 
[error occurred during error reporting (printing log configuration), id 0xb, SIGSEGV (0xb) at pc=0x00007c525f392893]
Environment Variables:
JAVA_HOME=/usr/lib/jvm/java-21-openjdk-amd64
PATH=/home/ubuntu/.local/bin:/usr/local/sbin:/usr/local/bin:/usr/sbin:/usr/bin:/sbin:/bin:/usr/games:/usr/local/games:/snap/bin
SHELL=/bin/bash
LANG=C.UTF-8
TERM=xterm

Active Locale:
LC_ALL=C.UTF-8
LC_COLLATE=C.UTF-8
LC_CTYPE=C.UTF-8
LC_MESSAGES=C.UTF-8
LC_MONETARY=C.UTF-8
LC_NUMERIC=C.UTF-8
LC_TIME=C.UTF-8

Signal Handlers:
   SIGSEGV: crash_handler in libjvm.so, mask=11100100010111111101111111111110, flags=SA_RESTART|SA_SIGINFO, unblocked
    SIGBUS: crash_handler in libjvm.so, mask=11100100010111111101111111111110, flags=SA_RESTART|SA_SIGINFO, unblocked
    SIGFPE: crash_handler in libjvm.so, mask=11100100010111111101111111111110, flags=SA_RESTART|SA_SIGINFO, unblocked
   SIGPIPE: javaSignalHandler in libjvm.so, mask=11100100010111111101111111111110, flags=SA_RESTART|SA_SIGINFO, blocked
  *** Handler was modified!
  *** Expected: 0x00007c559d25eec7, mask=00111100100101100100110001000111, flags=SA_RESTART|SA_SIGINFO
   SIGXFSZ: javaSignalHandler in libjvm.so, mask=11100100010111111101111111111110, flags=SA_RESTART|SA_SIGINFO, blocked
  *** Handler was modified!
  *** Expected: 0x00007c525fbf8520 in libjvm.so+20940064, mask=00000000000000000000000000000000, flags=SA_NOCLDWAIT|Unknown_flags:400008
    SIGILL: crash_handler in libjvm.so, mask=11100100010111111101111111111110, flags=SA_RESTART|SA_SIGINFO, unblocked
   SIGUSR2: SR_handler in libjvm.so, mask=00000000000000000000000000000000, flags=SA_RESTART|SA_SIGINFO, blocked
  *** Handler was modified!
  *** Expected: 0x00007c559d25f246, mask=00111100100101100100110001000111, flags=SA_RESTART|SA_SIGINFO
    SIGHUP: UserHandler in libjvm.so, mask=11100100010111111101111111111110, flags=SA_RESTART|SA_SIGINFO, blocked
    SIGINT: UserHandler in libjvm.so, mask=11100100010111111101111111111110, flags=SA_RESTART|SA_SIGINFO, blocked
   SIGTERM: UserHandler in libjvm.so, mask=11100100010111111101111111111110, flags=SA_RESTART|SA_SIGINFO, blocked
   SIGQUIT: UserHandler in libjvm.so, mask=11100100010111111101111111111110, flags=SA_RESTART|SA_SIGINFO, blocked
   SIGTRAP: crash_handler in libjvm.so, mask=11100100010111111101111111111110, flags=SA_RESTART|SA_SIGINFO, unblocked


Periodic native trim disabled

---------------  S Y S T E M  ---------------

OS:
DISTRIB_ID=Ubuntu
DISTRIB_RELEASE=22.04
DISTRIB_CODENAME=jammy
DISTRIB_DESCRIPTION="Ubuntu 22.04.5 LTS"
uname: Linux 6.8.0-1021-aws #23~22.04.1-Ubuntu SMP Tue Dec 10 16:50:46 UTC 2024 x86_64
OS uptime: 66 days 21:41 hours
libc: glibc 2.35 NPTL 2.35 
rlimit (soft/hard): STACK 8192k/infinity , CORE 0k/infinity , NPROC 3769/3769 , NOFILE 1048576/1048576 , AS infinity/infinity , CPU infinity/infinity , DATA infinity/infinity , FSIZE infinity/infinity , MEMLOCK 122548k/122548k
load average: 0.20 0.05 0.02

/proc/meminfo:
MemTotal:         980392 kB
MemFree:          135412 kB
MemAvailable:     519128 kB
Buffers:            2380 kB
Cached:           511032 kB
SwapCached:            0 kB
Active:           378044 kB
Inactive:         258240 kB
Active(anon):      77556 kB
Inactive(anon):    79980 kB
Active(file):     300488 kB
Inactive(file):   178260 kB
Unevictable:       35488 kB
Mlocked:           27620 kB
SwapTotal:             0 kB
SwapFree:              0 kB
Zswap:                 0 kB
Zswapped:              0 kB
Dirty:                80 kB
Writeback:             0 kB
AnonPages:        158404 kB
Mapped:           118488 kB
Shmem:             17724 kB
KReclaimable:      65376 kB
Slab:             128156 kB
SReclaimable:      65376 kB
SUnreclaim:        62780 kB
KernelStack:        2816 kB
PageTables:         5264 kB
SecPageTables:         0 kB
NFS_Unstable:          0 kB
Bounce:                0 kB
WritebackTmp:          0 kB
CommitLimit:      490196 kB
Committed_AS:    1003844 kB
VmallocTotal:   34359738367 kB
VmallocUsed:       10868 kB
VmallocChunk:          0 kB
Percpu:            11776 kB
HardwareCorrupted:     0 kB
AnonHugePages:         0 kB
ShmemHugePages:        0 kB
ShmemPmdMapped:        0 kB
FileHugePages:         0 kB
FilePmdMapped:         0 kB
Unaccepted:            0 kB
HugePages_Total:       0
HugePages_Free:        0
HugePages_Rsvd:        0
HugePages_Surp:        0
Hugepagesize:       2048 kB
Hugetlb:               0 kB
DirectMap4k:       96256 kB
DirectMap2M:      952320 kB

/sys/kernel/mm/transparent_hugepage/enabled: always [madvise] never
/sys/kernel/mm/transparent_hugepage/hpage_pmd_size: 2097152
/sys/kernel/mm/transparent_hugepage/defrag (defrag/compaction efforts parameter): always defer defer+madvise [madvise] never

Process Memory:
Virtual Size: 2337256K (peak: 2337256K)
Resident Set Size: 44700K (peak: 44700K) (anon: 23296K, file: 21404K, shmem: 0K)
Swapped out: 0K
C-Heap outstanding allocations: 8421K, retained: 986K
glibc malloc tunables: (default)

/proc/sys/kernel/threads-max (system-wide limit on the number of threads): 7539
/proc/sys/vm/max_map_count (maximum number of memory map areas a process may have): 65530
/proc/sys/vm/swappiness (control to define how aggressively the kernel swaps out anonymous memory): 60
/proc/sys/kernel/pid_max (system-wide limit on number of process identifiers): 4194304

container (cgroup) information:
container_type: cgroupv2
cpu_cpuset_cpus: not supported
cpu_memory_nodes: not supported
active_processor_count: 1
cpu_quota: not supported
cpu_period: not supported
cpu_shares: not supported
memory_limit_in_bytes: unlimited
memory_and_swap_limit_in_bytes: unlimited
memory_soft_limit_in_bytes: unlimited
memory_usage_in_bytes: 115136 k
memory_max_usage_in_bytes: not supported
memory_swap_current_in_bytes: unlimited
memory_swap_max_limit_in_bytes: unlimited
maximum number of tasks: unlimited
current number of tasks: 12

Xen hardware-assisted virtualization detected
Steal ticks since vm start: 0
Steal ticks percentage since vm start:  0.000

CPU: total 1 (initial active 1) (1 cores per cpu, 1 threads per core) family 6 model 79 stepping 1 microcode 0xd0003f6, cx8, cmov, fxsr, mmx, sse, sse2, sse3, ssse3, sse4.1, sse4.2, popcnt, lzcnt, tsc, avx, avx2, aes, erms, clmul, bmi1, bmi2, fma, vzeroupper, clflush, hv, rdtscp, f16c
CPU Model and flags from /proc/cpuinfo:
model name	: Intel(R) Xeon(R) CPU E5-2686 v4 @ 2.30GHz
flags		: fpu vme de pse tsc msr pae mce cx8 apic sep mtrr pge mca cmov pat pse36 clflush mmx fxsr sse sse2 ht syscall nx rdtscp lm constant_tsc rep_good nopl xtopology cpuid tsc_known_freq pni pclmulqdq ssse3 fma cx16 pcid sse4_1 sse4_2 x2apic movbe popcnt tsc_deadline_timer aes xsave avx f16c rdrand hypervisor lahf_lm abm pti fsgsbase bmi1 avx2 smep bmi2 erms invpcid xsaveopt

Online cpus: 0
Offline cpus: 1-14
BIOS frequency limitation: <Not Available>
Frequency switch latency (ns): <Not Available>
Available cpu frequencies: <Not Available>
Current governor: <Not Available>
Core performance/turbo boost: <Not Available>

Memory: 4k page, physical 980392k(519128k free), swap 0k(0k free)
Page Sizes: 4k

vm_info: OpenJDK 64-Bit Server VM (21.0.6+7-Ubuntu-122.04.1) for linux-amd64 JRE (21.0.6+7-Ubuntu-122.04.1), built on 2025-01-23T22:52:17Z by "buildd" with gcc 12.3.0

END.
